ssh_exchange_identification: Connection closed by remote host
retry 1
successfully obtained license
failed to connect to server
filename = ARGS[1] = "case24_ieee_rts.m"
dirname = ARGS[2] = "results24"
quantity_to_approx = ARGS[3] = "line_reactive_power"
linenum = convert(Int64, parse(Float64, ARGS[4])) = 21
inflation_const = parse(Float64, ARGS[5]) = 0.1
WARNING: this code only supports angmin values in -90 deg. to 90 deg., tightening the value on branch 24 from -360.0 to -60.0001403060998 deg.
WARNING: this code only supports angmax values in -90 deg. to 90 deg., tightening the value on branch 24 from 360.0 to 60.0001403060998 deg.
WARNING: this code only supports angmin values in -90 deg. to 90 deg., tightening the value on branch 4 from -360.0 to -60.0001403060998 deg.
WARNING: this code only supports angmax values in -90 deg. to 90 deg., tightening the value on branch 4 from 360.0 to 60.0001403060998 deg.
WARNING: this code only supports angmin values in -90 deg. to 90 deg., tightening the value on branch 1 from -360.0 to -60.0001403060998 deg.
WARNING: this code only supports angmax values in -90 deg. to 90 deg., tightening the value on branch 1 from 360.0 to 60.0001403060998 deg.
WARNING: this code only supports angmin values in -90 deg. to 90 deg., tightening the value on branch 12 from -360.0 to -60.0001403060998 deg.
WARNING: this code only supports angmax values in -90 deg. to 90 deg., tightening the value on branch 12 from 360.0 to 60.0001403060998 deg.
WARNING: this code only supports angmin values in -90 deg. to 90 deg., tightening the value on branch 29 from -360.0 to -60.0001403060998 deg.
WARNING: this code only supports angmax values in -90 deg. to 90 deg., tightening the value on branch 29 from 360.0 to 60.0001403060998 deg.
WARNING: this code only supports angmin values in -90 deg. to 90 deg., tightening the value on branch 20 from -360.0 to -60.0001403060998 deg.
WARNING: this code only supports angmax values in -90 deg. to 90 deg., tightening the value on branch 20 from 360.0 to 60.0001403060998 deg.
WARNING: this code only supports angmin values in -90 deg. to 90 deg., tightening the value on branch 32 from -360.0 to -60.0001403060998 deg.
WARNING: this code only supports angmax values in -90 deg. to 90 deg., tightening the value on branch 32 from 360.0 to 60.0001403060998 deg.
WARNING: this code only supports angmin values in -90 deg. to 90 deg., tightening the value on branch 2 from -360.0 to -60.0001403060998 deg.
WARNING: this code only supports angmax values in -90 deg. to 90 deg., tightening the value on branch 2 from 360.0 to 60.0001403060998 deg.
WARNING: this code only supports angmin values in -90 deg. to 90 deg., tightening the value on branch 6 from -360.0 to -60.0001403060998 deg.
WARNING: this code only supports angmax values in -90 deg. to 90 deg., tightening the value on branch 6 from 360.0 to 60.0001403060998 deg.
WARNING: this code only supports angmin values in -90 deg. to 90 deg., tightening the value on branch 25 from -360.0 to -60.0001403060998 deg.
WARNING: this code only supports angmax values in -90 deg. to 90 deg., tightening the value on branch 25 from 360.0 to 60.0001403060998 deg.
WARNING: this code only supports angmin values in -90 deg. to 90 deg., tightening the value on branch 23 from -360.0 to -60.0001403060998 deg.
WARNING: this code only supports angmax values in -90 deg. to 90 deg., tightening the value on branch 23 from 360.0 to 60.0001403060998 deg.
WARNING: this code only supports angmin values in -90 deg. to 90 deg., tightening the value on branch 22 from -360.0 to -60.0001403060998 deg.
WARNING: this code only supports angmax values in -90 deg. to 90 deg., tightening the value on branch 22 from 360.0 to 60.0001403060998 deg.
WARNING: this code only supports angmin values in -90 deg. to 90 deg., tightening the value on branch 11 from -360.0 to -60.0001403060998 deg.
WARNING: this code only supports angmax values in -90 deg. to 90 deg., tightening the value on branch 11 from 360.0 to 60.0001403060998 deg.
WARNING: this code only supports angmin values in -90 deg. to 90 deg., tightening the value on branch 35 from -360.0 to -60.0001403060998 deg.
WARNING: this code only supports angmax values in -90 deg. to 90 deg., tightening the value on branch 35 from 360.0 to 60.0001403060998 deg.
WARNING: this code only supports angmin values in -90 deg. to 90 deg., tightening the value on branch 13 from -360.0 to -60.0001403060998 deg.
WARNING: this code only supports angmax values in -90 deg. to 90 deg., tightening the value on branch 13 from 360.0 to 60.0001403060998 deg.
WARNING: this code only supports angmin values in -90 deg. to 90 deg., tightening the value on branch 5 from -360.0 to -60.0001403060998 deg.
WARNING: this code only supports angmax values in -90 deg. to 90 deg., tightening the value on branch 5 from 360.0 to 60.0001403060998 deg.
WARNING: this code only supports angmin values in -90 deg. to 90 deg., tightening the value on branch 15 from -360.0 to -60.0001403060998 deg.
WARNING: this code only supports angmax values in -90 deg. to 90 deg., tightening the value on branch 15 from 360.0 to 60.0001403060998 deg.
WARNING: this code only supports angmin values in -90 deg. to 90 deg., tightening the value on branch 27 from -360.0 to -60.0001403060998 deg.
WARNING: this code only supports angmax values in -90 deg. to 90 deg., tightening the value on branch 27 from 360.0 to 60.0001403060998 deg.
WARNING: this code only supports angmin values in -90 deg. to 90 deg., tightening the value on branch 31 from -360.0 to -60.0001403060998 deg.
WARNING: this code only supports angmax values in -90 deg. to 90 deg., tightening the value on branch 31 from 360.0 to 60.0001403060998 deg.
WARNING: this code only supports angmin values in -90 deg. to 90 deg., tightening the value on branch 33 from -360.0 to -60.0001403060998 deg.
WARNING: this code only supports angmax values in -90 deg. to 90 deg., tightening the value on branch 33 from 360.0 to 60.0001403060998 deg.
WARNING: this code only supports angmin values in -90 deg. to 90 deg., tightening the value on branch 28 from -360.0 to -60.0001403060998 deg.
WARNING: this code only supports angmax values in -90 deg. to 90 deg., tightening the value on branch 28 from 360.0 to 60.0001403060998 deg.
WARNING: this code only supports angmin values in -90 deg. to 90 deg., tightening the value on branch 16 from -360.0 to -60.0001403060998 deg.
WARNING: this code only supports angmax values in -90 deg. to 90 deg., tightening the value on branch 16 from 360.0 to 60.0001403060998 deg.
WARNING: this code only supports angmin values in -90 deg. to 90 deg., tightening the value on branch 14 from -360.0 to -60.0001403060998 deg.
WARNING: this code only supports angmax values in -90 deg. to 90 deg., tightening the value on branch 14 from 360.0 to 60.0001403060998 deg.
WARNING: this code only supports angmin values in -90 deg. to 90 deg., tightening the value on branch 21 from -360.0 to -60.0001403060998 deg.
WARNING: this code only supports angmax values in -90 deg. to 90 deg., tightening the value on branch 21 from 360.0 to 60.0001403060998 deg.
WARNING: this code only supports angmin values in -90 deg. to 90 deg., tightening the value on branch 38 from -360.0 to -60.0001403060998 deg.
WARNING: this code only supports angmax values in -90 deg. to 90 deg., tightening the value on branch 38 from 360.0 to 60.0001403060998 deg.
WARNING: this code only supports angmin values in -90 deg. to 90 deg., tightening the value on branch 7 from -360.0 to -60.0001403060998 deg.
WARNING: this code only supports angmax values in -90 deg. to 90 deg., tightening the value on branch 7 from 360.0 to 60.0001403060998 deg.
WARNING: this code only supports angmin values in -90 deg. to 90 deg., tightening the value on branch 34 from -360.0 to -60.0001403060998 deg.
WARNING: this code only supports angmax values in -90 deg. to 90 deg., tightening the value on branch 34 from 360.0 to 60.0001403060998 deg.
WARNING: this code only supports angmin values in -90 deg. to 90 deg., tightening the value on branch 8 from -360.0 to -60.0001403060998 deg.
WARNING: this code only supports angmax values in -90 deg. to 90 deg., tightening the value on branch 8 from 360.0 to 60.0001403060998 deg.
WARNING: this code only supports angmin values in -90 deg. to 90 deg., tightening the value on branch 36 from -360.0 to -60.0001403060998 deg.
WARNING: this code only supports angmax values in -90 deg. to 90 deg., tightening the value on branch 36 from 360.0 to 60.0001403060998 deg.
WARNING: this code only supports angmin values in -90 deg. to 90 deg., tightening the value on branch 26 from -360.0 to -60.0001403060998 deg.
WARNING: this code only supports angmax values in -90 deg. to 90 deg., tightening the value on branch 26 from 360.0 to 60.0001403060998 deg.
WARNING: this code only supports angmin values in -90 deg. to 90 deg., tightening the value on branch 17 from -360.0 to -60.0001403060998 deg.
WARNING: this code only supports angmax values in -90 deg. to 90 deg., tightening the value on branch 17 from 360.0 to 60.0001403060998 deg.
WARNING: this code only supports angmin values in -90 deg. to 90 deg., tightening the value on branch 10 from -360.0 to -60.0001403060998 deg.
WARNING: this code only supports angmax values in -90 deg. to 90 deg., tightening the value on branch 10 from 360.0 to 60.0001403060998 deg.
WARNING: this code only supports angmin values in -90 deg. to 90 deg., tightening the value on branch 19 from -360.0 to -60.0001403060998 deg.
WARNING: this code only supports angmax values in -90 deg. to 90 deg., tightening the value on branch 19 from 360.0 to 60.0001403060998 deg.
WARNING: this code only supports angmin values in -90 deg. to 90 deg., tightening the value on branch 37 from -360.0 to -60.0001403060998 deg.
WARNING: this code only supports angmax values in -90 deg. to 90 deg., tightening the value on branch 37 from 360.0 to 60.0001403060998 deg.
WARNING: this code only supports angmin values in -90 deg. to 90 deg., tightening the value on branch 9 from -360.0 to -60.0001403060998 deg.
WARNING: this code only supports angmax values in -90 deg. to 90 deg., tightening the value on branch 9 from 360.0 to 60.0001403060998 deg.
WARNING: this code only supports angmin values in -90 deg. to 90 deg., tightening the value on branch 18 from -360.0 to -60.0001403060998 deg.
WARNING: this code only supports angmax values in -90 deg. to 90 deg., tightening the value on branch 18 from 360.0 to 60.0001403060998 deg.
WARNING: this code only supports angmin values in -90 deg. to 90 deg., tightening the value on branch 30 from -360.0 to -60.0001403060998 deg.
WARNING: this code only supports angmax values in -90 deg. to 90 deg., tightening the value on branch 30 from 360.0 to 60.0001403060998 deg.
WARNING: this code only supports angmin values in -90 deg. to 90 deg., tightening the value on branch 3 from -360.0 to -60.0001403060998 deg.
WARNING: this code only supports angmax values in -90 deg. to 90 deg., tightening the value on branch 3 from 360.0 to 60.0001403060998 deg.
WARNING: the voltage setpoint on generator 24 does not match the value at bus 21
WARNING: the voltage setpoint on generator 4 does not match the value at bus 1
WARNING: the voltage setpoint on generator 1 does not match the value at bus 1
WARNING: the voltage setpoint on generator 12 does not match the value at bus 13
WARNING: the voltage setpoint on generator 29 does not match the value at bus 22
WARNING: the voltage setpoint on generator 20 does not match the value at bus 15
WARNING: the voltage setpoint on generator 32 does not match the value at bus 23
WARNING: the voltage setpoint on generator 2 does not match the value at bus 1
WARNING: the voltage setpoint on generator 6 does not match the value at bus 2
WARNING: the voltage setpoint on generator 25 does not match the value at bus 22
WARNING: the voltage setpoint on generator 23 does not match the value at bus 18
WARNING: the voltage setpoint on generator 22 does not match the value at bus 16
WARNING: the voltage setpoint on generator 11 does not match the value at bus 7
WARNING: the voltage setpoint on generator 13 does not match the value at bus 13
WARNING: the voltage setpoint on generator 5 does not match the value at bus 2
WARNING: the voltage setpoint on generator 15 does not match the value at bus 14
WARNING: the voltage setpoint on generator 27 does not match the value at bus 22
WARNING: the voltage setpoint on generator 31 does not match the value at bus 23
WARNING: the voltage setpoint on generator 33 does not match the value at bus 23
WARNING: the voltage setpoint on generator 28 does not match the value at bus 22
WARNING: the voltage setpoint on generator 16 does not match the value at bus 15
WARNING: the voltage setpoint on generator 14 does not match the value at bus 13
WARNING: the voltage setpoint on generator 21 does not match the value at bus 15
WARNING: the voltage setpoint on generator 7 does not match the value at bus 2
WARNING: the voltage setpoint on generator 8 does not match the value at bus 2
WARNING: the voltage setpoint on generator 26 does not match the value at bus 22
WARNING: the voltage setpoint on generator 17 does not match the value at bus 15
WARNING: the voltage setpoint on generator 10 does not match the value at bus 7
WARNING: the voltage setpoint on generator 19 does not match the value at bus 15
WARNING: the voltage setpoint on generator 9 does not match the value at bus 7
WARNING: the voltage setpoint on generator 18 does not match the value at bus 15
WARNING: the voltage setpoint on generator 30 does not match the value at bus 22
WARNING: the voltage setpoint on generator 3 does not match the value at bus 1

******************************************************************************
This program contains Ipopt, a library for large-scale nonlinear optimization.
 Ipopt is released as open source code under the Eclipse Public License (EPL).
         For more information visit http://projects.coin-or.org/Ipopt
******************************************************************************

WARNING: there was an issue with getsolvetime() on the solver, falling back on @timed.  This is not a rigorous timing value.
length(ind_bus) = 24
WARNING: there was an issue with getsolvetime() on the solver, falling back on @timed.  This is not a rigorous timing value.
WARNING: there was an issue with getsolvetime() on the solver, falling back on @timed.  This is not a rigorous timing value.
err = 0.5 * (val0 + val1) = 0.012750733355789613
iter = 1
WARNING: there was an issue with getsolvetime() on the solver, falling back on @timed.  This is not a rigorous timing value.
WARNING: there was an issue with getsolvetime() on the solver, falling back on @timed.  This is not a rigorous timing value.
0.5 * (val0 + val1) > err + 1.0e-5 = false
err = 0.5 * (val0 + val1) = 0.012750733355789613
step_factor = 1
sqrt(sum((step_pb[i] ^ 2 + step_qb[i] ^ 2 for i = active_buses))) = 0.0017333935986955542
iter = 2
WARNING: there was an issue with getsolvetime() on the solver, falling back on @timed.  This is not a rigorous timing value.
WARNING: there was an issue with getsolvetime() on the solver, falling back on @timed.  This is not a rigorous timing value.
0.5 * (val0 + val1) > err + 1.0e-5 = false
err = 0.5 * (val0 + val1) = 0.012139216985136184
step_factor = 1
sqrt(sum((step_pb[i] ^ 2 + step_qb[i] ^ 2 for i = active_buses))) = 0.0018607344935553428
iter = 3
WARNING: there was an issue with getsolvetime() on the solver, falling back on @timed.  This is not a rigorous timing value.
WARNING: there was an issue with getsolvetime() on the solver, falling back on @timed.  This is not a rigorous timing value.
0.5 * (val0 + val1) > err + 1.0e-5 = false
err = 0.5 * (val0 + val1) = 0.011992856002571611
step_factor = 1
sqrt(sum((step_pb[i] ^ 2 + step_qb[i] ^ 2 for i = active_buses))) = 0.0018652229343219583
iter = 4
WARNING: there was an issue with getsolvetime() on the solver, falling back on @timed.  This is not a rigorous timing value.
WARNING: there was an issue with getsolvetime() on the solver, falling back on @timed.  This is not a rigorous timing value.
0.5 * (val0 + val1) > err + 1.0e-5 = false
err = 0.5 * (val0 + val1) = 0.011438363881973996
step_factor = 1
sqrt(sum((step_pb[i] ^ 2 + step_qb[i] ^ 2 for i = active_buses))) = 0.0020138113467836993
iter = 5
WARNING: there was an issue with getsolvetime() on the solver, falling back on @timed.  This is not a rigorous timing value.
WARNING: there was an issue with getsolvetime() on the solver, falling back on @timed.  This is not a rigorous timing value.
0.5 * (val0 + val1) > err + 1.0e-5 = false
err = 0.5 * (val0 + val1) = 0.011352084877539182
step_factor = 1
sqrt(sum((step_pb[i] ^ 2 + step_qb[i] ^ 2 for i = active_buses))) = 0.0019890458681836878
iter = 6
WARNING: there was an issue with getsolvetime() on the solver, falling back on @timed.  This is not a rigorous timing value.
WARNING: there was an issue with getsolvetime() on the solver, falling back on @timed.  This is not a rigorous timing value.
0.5 * (val0 + val1) > err + 1.0e-5 = false
err = 0.5 * (val0 + val1) = 0.01127220628485312
step_factor = 1
sqrt(sum((step_pb[i] ^ 2 + step_qb[i] ^ 2 for i = active_buses))) = 0.0015930970775648078
iter = 7
WARNING: there was an issue with getsolvetime() on the solver, falling back on @timed.  This is not a rigorous timing value.
WARNING: there was an issue with getsolvetime() on the solver, falling back on @timed.  This is not a rigorous timing value.
0.5 * (val0 + val1) > err + 1.0e-5 = false
err = 0.5 * (val0 + val1) = 0.010844910758478326
step_factor = 1
sqrt(sum((step_pb[i] ^ 2 + step_qb[i] ^ 2 for i = active_buses))) = 0.0018697877379165318
iter = 8
WARNING: there was an issue with getsolvetime() on the solver, falling back on @timed.  This is not a rigorous timing value.
WARNING: there was an issue with getsolvetime() on the solver, falling back on @timed.  This is not a rigorous timing value.
0.5 * (val0 + val1) > err + 1.0e-5 = false
err = 0.5 * (val0 + val1) = 0.010815070319380088
step_factor = 1
sqrt(sum((step_pb[i] ^ 2 + step_qb[i] ^ 2 for i = active_buses))) = 0.0016710096316801734
iter = 9
WARNING: there was an issue with getsolvetime() on the solver, falling back on @timed.  This is not a rigorous timing value.
WARNING: there was an issue with getsolvetime() on the solver, falling back on @timed.  This is not a rigorous timing value.
0.5 * (val0 + val1) > err + 1.0e-5 = true
iter = 10
WARNING: there was an issue with getsolvetime() on the solver, falling back on @timed.  This is not a rigorous timing value.
WARNING: there was an issue with getsolvetime() on the solver, falling back on @timed.  This is not a rigorous timing value.
0.5 * (val0 + val1) > err + 1.0e-5 = false
err = 0.5 * (val0 + val1) = 0.010815070319380088
step_factor = 2
sqrt(sum((step_pb[i] ^ 2 + step_qb[i] ^ 2 for i = active_buses))) = 0.0008355048158400867
iter = 11
WARNING: there was an issue with getsolvetime() on the solver, falling back on @timed.  This is not a rigorous timing value.
WARNING: there was an issue with getsolvetime() on the solver, falling back on @timed.  This is not a rigorous timing value.
0.5 * (val0 + val1) > err + 1.0e-5 = false
err = 0.5 * (val0 + val1) = 0.010548286901898352
step_factor = 2
sqrt(sum((step_pb[i] ^ 2 + step_qb[i] ^ 2 for i = active_buses))) = 0.0008937156800144934
iter = 12
WARNING: there was an issue with getsolvetime() on the solver, falling back on @timed.  This is not a rigorous timing value.
WARNING: there was an issue with getsolvetime() on the solver, falling back on @timed.  This is not a rigorous timing value.
0.5 * (val0 + val1) > err + 1.0e-5 = false
err = 0.5 * (val0 + val1) = 0.010146996658417265
step_factor = 2
sqrt(sum((step_pb[i] ^ 2 + step_qb[i] ^ 2 for i = active_buses))) = 0.0007074743955691745
iter = 13
WARNING: there was an issue with getsolvetime() on the solver, falling back on @timed.  This is not a rigorous timing value.
WARNING: there was an issue with getsolvetime() on the solver, falling back on @timed.  This is not a rigorous timing value.
0.5 * (val0 + val1) > err + 1.0e-5 = true
iter = 14
WARNING: there was an issue with getsolvetime() on the solver, falling back on @timed.  This is not a rigorous timing value.
WARNING: there was an issue with getsolvetime() on the solver, falling back on @timed.  This is not a rigorous timing value.
0.5 * (val0 + val1) > err + 1.0e-5 = false
err = 0.5 * (val0 + val1) = 0.010146996658417265
step_factor = 4
sqrt(sum((step_pb[i] ^ 2 + step_qb[i] ^ 2 for i = active_buses))) = 0.00035373719778458723
iter = 15
WARNING: there was an issue with getsolvetime() on the solver, falling back on @timed.  This is not a rigorous timing value.
WARNING: there was an issue with getsolvetime() on the solver, falling back on @timed.  This is not a rigorous timing value.
0.5 * (val0 + val1) > err + 1.0e-5 = true
iter = 16
WARNING: there was an issue with getsolvetime() on the solver, falling back on @timed.  This is not a rigorous timing value.
WARNING: there was an issue with getsolvetime() on the solver, falling back on @timed.  This is not a rigorous timing value.
0.5 * (val0 + val1) > err + 1.0e-5 = false
err = 0.5 * (val0 + val1) = 0.010146996658417265
step_factor = 8
sqrt(sum((step_pb[i] ^ 2 + step_qb[i] ^ 2 for i = active_buses))) = 0.00017686859889229361
iter = 17
WARNING: there was an issue with getsolvetime() on the solver, falling back on @timed.  This is not a rigorous timing value.
WARNING: there was an issue with getsolvetime() on the solver, falling back on @timed.  This is not a rigorous timing value.
0.5 * (val0 + val1) > err + 1.0e-5 = true
iter = 18
WARNING: there was an issue with getsolvetime() on the solver, falling back on @timed.  This is not a rigorous timing value.
WARNING: there was an issue with getsolvetime() on the solver, falling back on @timed.  This is not a rigorous timing value.
0.5 * (val0 + val1) > err + 1.0e-5 = false
err = 0.5 * (val0 + val1) = 0.010146996658417265
step_factor = 16
sqrt(sum((step_pb[i] ^ 2 + step_qb[i] ^ 2 for i = active_buses))) = 8.843429944614681e-5
iter = 19
WARNING: there was an issue with getsolvetime() on the solver, falling back on @timed.  This is not a rigorous timing value.
WARNING: there was an issue with getsolvetime() on the solver, falling back on @timed.  This is not a rigorous timing value.
0.5 * (val0 + val1) > err + 1.0e-5 = false
err = 0.5 * (val0 + val1) = 0.010086064912322792
step_factor = 16
sqrt(sum((step_pb[i] ^ 2 + step_qb[i] ^ 2 for i = active_buses))) = 8.59773697391937e-5
iter = 20
WARNING: there was an issue with getsolvetime() on the solver, falling back on @timed.  This is not a rigorous timing value.
WARNING: there was an issue with getsolvetime() on the solver, falling back on @timed.  This is not a rigorous timing value.
0.5 * (val0 + val1) > err + 1.0e-5 = true
iter = 21
WARNING: there was an issue with getsolvetime() on the solver, falling back on @timed.  This is not a rigorous timing value.
WARNING: there was an issue with getsolvetime() on the solver, falling back on @timed.  This is not a rigorous timing value.
0.5 * (val0 + val1) > err + 1.0e-5 = false
err = 0.5 * (val0 + val1) = 0.010086064912322792
step_factor = 32
sqrt(sum((step_pb[i] ^ 2 + step_qb[i] ^ 2 for i = active_buses))) = 4.298868486959685e-5
iter = 22
WARNING: there was an issue with getsolvetime() on the solver, falling back on @timed.  This is not a rigorous timing value.
WARNING: there was an issue with getsolvetime() on the solver, falling back on @timed.  This is not a rigorous timing value.
0.5 * (val0 + val1) > err + 1.0e-5 = false
err = 0.5 * (val0 + val1) = 0.010066565352906972
step_factor = 32
sqrt(sum((step_pb[i] ^ 2 + step_qb[i] ^ 2 for i = active_buses))) = 4.113410724169914e-5
iter = 23
WARNING: there was an issue with getsolvetime() on the solver, falling back on @timed.  This is not a rigorous timing value.
WARNING: there was an issue with getsolvetime() on the solver, falling back on @timed.  This is not a rigorous timing value.
0.5 * (val0 + val1) > err + 1.0e-5 = true
iter = 24
WARNING: there was an issue with getsolvetime() on the solver, falling back on @timed.  This is not a rigorous timing value.
WARNING: there was an issue with getsolvetime() on the solver, falling back on @timed.  This is not a rigorous timing value.
0.5 * (val0 + val1) > err + 1.0e-5 = false
err = 0.5 * (val0 + val1) = 0.010066565352906972
step_factor = 64
sqrt(sum((step_pb[i] ^ 2 + step_qb[i] ^ 2 for i = active_buses))) = 2.056705362084957e-5
iter = 25
WARNING: there was an issue with getsolvetime() on the solver, falling back on @timed.  This is not a rigorous timing value.
WARNING: there was an issue with getsolvetime() on the solver, falling back on @timed.  This is not a rigorous timing value.
0.5 * (val0 + val1) > err + 1.0e-5 = false
err = 0.5 * (val0 + val1) = 0.01004351645263897
step_factor = 64
sqrt(sum((step_pb[i] ^ 2 + step_qb[i] ^ 2 for i = active_buses))) = 2.0795682160479064e-5
iter = 26
WARNING: there was an issue with getsolvetime() on the solver, falling back on @timed.  This is not a rigorous timing value.
WARNING: there was an issue with getsolvetime() on the solver, falling back on @timed.  This is not a rigorous timing value.
0.5 * (val0 + val1) > err + 1.0e-5 = true
elapsed time: 24.080050562 seconds
